<?xml version="1.0" encoding="UTF-8"?>
<!-- Generated by org.testng.reporters.JUnitReportReporter -->
<testsuite hostname="lin80028144" failures="0" tests="1" name="AppiumTesting.AppiumHandson.day2_tc_3" time="53.765" errors="0" timestamp="2024-04-25T14:32:47 IST" skipped="0">
  <testcase classname="AppiumTesting.AppiumHandson.day2_tc_3" name="FillForm" time="53.765"/>
</testsuite> <!-- AppiumTesting.AppiumHandson.day2_tc_3 -->
