<?xml version="1.0" encoding="UTF-8"?>
<!-- Generated by org.testng.reporters.JUnitReportReporter -->
<testsuite hostname="lin80028144" failures="0" tests="1" name="AppiumTesting.AppiumHandson.tc_1" time="14.770" errors="0" timestamp="2024-04-25T14:26:27 IST" skipped="0">
  <testcase classname="AppiumTesting.AppiumHandson.tc_1" name="DragDropTest" time="14.770"/>
</testsuite> <!-- AppiumTesting.AppiumHandson.tc_1 -->
