<?xml version="1.0" encoding="UTF-8"?>
<!-- Generated by org.testng.reporters.JUnitReportReporter -->
<testsuite hostname="lin80028144" failures="0" tests="1" name="AppiumTesting.AppiumHandson.day2_tc_5" time="55.297" errors="0" timestamp="2024-04-25T14:35:20 IST" skipped="0">
  <testcase classname="AppiumTesting.AppiumHandson.day2_tc_5" name="FillForm" time="55.297"/>
</testsuite> <!-- AppiumTesting.AppiumHandson.day2_tc_5 -->
