<?xml version="1.0" encoding="UTF-8"?>
<!-- Generated by org.testng.reporters.JUnitReportReporter -->
<testsuite hostname="lin80028144" failures="0" tests="1" name="AppiumTesting.AppiumHandson.tc_5" time="15.774" errors="0" timestamp="2024-04-25T14:28:56 IST" skipped="0">
  <testcase classname="AppiumTesting.AppiumHandson.tc_5" name="SwipeDemoTest" time="15.774"/>
</testsuite> <!-- AppiumTesting.AppiumHandson.tc_5 -->
