<?xml version="1.0" encoding="UTF-8"?>
<!-- Generated by org.testng.reporters.JUnitReportReporter -->
<testsuite hostname="lin80028144" failures="0" tests="1" name="AppiumTesting.AppiumHandson.DragDropDemo" time="10.935" errors="0" timestamp="2024-04-19T11:42:55 IST" skipped="0">
  <testcase classname="AppiumTesting.AppiumHandson.DragDropDemo" name="DragDropTest" time="10.935"/>
</testsuite> <!-- AppiumTesting.AppiumHandson.DragDropDemo -->
