<?xml version="1.0" encoding="UTF-8"?>
<!-- Generated by org.testng.reporters.JUnitReportReporter -->
<testsuite hostname="lin80028144" failures="0" tests="1" name="AppiumTesting.AppiumHandson.tc_2" time="17.323" errors="0" timestamp="2024-04-25T14:27:15 IST" skipped="0">
  <testcase classname="AppiumTesting.AppiumHandson.tc_2" name="ScrollDemoTest" time="17.323"/>
</testsuite> <!-- AppiumTesting.AppiumHandson.tc_2 -->
